

*******************************************************************************
Sat Apr  2 12:45:22 2016


FIT:    data read from "Monopole.data" u 1:2
        format = x:z
        #datapoints = 999908
        residuals are weighted equally (unit weight)

function used for fitting: f(x)
fitted parameters initialized with current variable values



 Iteration 0
 WSSR        : 2.57418e+09       delta(WSSR)/WSSR   : 0
 delta(WSSR) : 0                 limit for stopping : 1e-05
 lambda	  : 35.364

initial set of free parameter values

m               = 1
b               = 1

After 2 iterations the fit converged.
final sum of squares of residuals : 1.18621e+07
rel. change during last iteration : -8.11838e-06

degrees of freedom    (FIT_NDF)                        : 999906
rms of residuals      (FIT_STDFIT) = sqrt(WSSR/ndf)    : 3.44431
variance of residuals (reduced chisquare) = WSSR/ndf   : 11.8633

Final set of parameters            Asymptotic Standard Error
=======================            ==========================

m               = -0.054508        +/- 0.0002478    (0.4546%)
b               = 3.19637          +/- 0.01239      (0.3876%)


correlation matrix of the fit parameters:

               m      b      
m               1.000 
b              -0.961  1.000 


*******************************************************************************
Sat Apr  2 12:56:45 2016


FIT:    data read from "Monopole.data" u 1:3
        format = x:z
        #datapoints = 999907
        residuals are weighted equally (unit weight)

function used for fitting: f(x)
fitted parameters initialized with current variable values



 Iteration 0
 WSSR        : 2.3989e+09        delta(WSSR)/WSSR   : 0
 delta(WSSR) : 0                 limit for stopping : 1e-05
 lambda	  : 35.364

initial set of free parameter values

m               = 1
b               = 1

After 3 iterations the fit converged.
final sum of squares of residuals : 6.5395e+07
rel. change during last iteration : -7.51131e-12

degrees of freedom    (FIT_NDF)                        : 999905
rms of residuals      (FIT_STDFIT) = sqrt(WSSR/ndf)    : 8.0871
variance of residuals (reduced chisquare) = WSSR/ndf   : 65.4012

Final set of parameters            Asymptotic Standard Error
=======================            ==========================

m               = -0.541183        +/- 0.0005818    (0.1075%)
b               = 31.7263          +/- 0.02909      (0.0917%)


correlation matrix of the fit parameters:

               m      b      
m               1.000 
b              -0.961  1.000 


*******************************************************************************
Sat Apr  2 13:07:05 2016


FIT:    data read from "OffCenterMonopole.data" u 1:2
        format = x:z
        #datapoints = 999999
        residuals are weighted equally (unit weight)

function used for fitting: f(x)
fitted parameters initialized with current variable values



 Iteration 0
 WSSR        : 3.80387e+09       delta(WSSR)/WSSR   : 0
 delta(WSSR) : 0                 limit for stopping : 1e-05
 lambda	  : 43.0203

initial set of free parameter values

m               = 1
b               = 1

After 2 iterations the fit converged.
final sum of squares of residuals : 1.20497e+07
rel. change during last iteration : -4.25297e-06

degrees of freedom    (FIT_NDF)                        : 999997
rms of residuals      (FIT_STDFIT) = sqrt(WSSR/ndf)    : 3.47128
variance of residuals (reduced chisquare) = WSSR/ndf   : 12.0498

Final set of parameters            Asymptotic Standard Error
=======================            ==========================

m               = -0.0325799       +/- 0.0001685    (0.5172%)
b               = 2.31507          +/- 0.01025      (0.4428%)


correlation matrix of the fit parameters:

               m      b      
m               1.000 
b              -0.941  1.000 


*******************************************************************************
Sat Apr  2 13:13:18 2016


FIT:    data read from "OffCenterMonopole.data" u 1:3
        format = x:z
        #datapoints = 999999
        residuals are weighted equally (unit weight)

function used for fitting: f(x)
fitted parameters initialized with current variable values



 Iteration 0
 WSSR        : 3.69496e+09       delta(WSSR)/WSSR   : 0
 delta(WSSR) : 0                 limit for stopping : 1e-05
 lambda	  : 43.0203

initial set of free parameter values

m               = 1
b               = 1

After 3 iterations the fit converged.
final sum of squares of residuals : 7.13128e+07
rel. change during last iteration : -3.01209e-12

degrees of freedom    (FIT_NDF)                        : 999997
rms of residuals      (FIT_STDFIT) = sqrt(WSSR/ndf)    : 8.4447
variance of residuals (reduced chisquare) = WSSR/ndf   : 71.313

Final set of parameters            Asymptotic Standard Error
=======================            ==========================

m               = -0.249822        +/- 0.0004099    (0.1641%)
b               = 18.1238          +/- 0.02494      (0.1376%)


correlation matrix of the fit parameters:

               m      b      
m               1.000 
b              -0.941  1.000 


*******************************************************************************
Sat Apr  2 13:17:47 2016


FIT:    data read from "OffCenterMonopole.data" u 1:3
        format = x:z
        #datapoints = 999999
        residuals are weighted equally (unit weight)

function used for fitting: f(x)
fitted parameters initialized with current variable values



 Iteration 0
 WSSR        : 3.69496e+09       delta(WSSR)/WSSR   : 0
 delta(WSSR) : 0                 limit for stopping : 1e-05
 lambda	  : 43.0203

initial set of free parameter values

m               = 1
b               = 1

After 3 iterations the fit converged.
final sum of squares of residuals : 7.13128e+07
rel. change during last iteration : -3.01209e-12

degrees of freedom    (FIT_NDF)                        : 999997
rms of residuals      (FIT_STDFIT) = sqrt(WSSR/ndf)    : 8.4447
variance of residuals (reduced chisquare) = WSSR/ndf   : 71.313

Final set of parameters            Asymptotic Standard Error
=======================            ==========================

m               = -0.249822        +/- 0.0004099    (0.1641%)
b               = 18.1238          +/- 0.02494      (0.1376%)


correlation matrix of the fit parameters:

               m      b      
m               1.000 
b              -0.941  1.000 
