

*******************************************************************************
Fri Mar 18 18:25:23 2016


FIT:    data read from "field.data" u (log($1)):(log($2))
        format = x:z
	y range restricted to [0.500000 : 2.50000]
        #datapoints = 7502
        residuals are weighted equally (unit weight)

function used for fitting: f(x)
fitted parameters initialized with current variable values



 Iteration 0
 WSSR        : 100705            delta(WSSR)/WSSR   : 0
 delta(WSSR) : 0                 limit for stopping : 1e-05
 lambda	  : 1.70406

initial set of free parameter values

a               = 1
b               = 1

After 3 iterations the fit converged.
final sum of squares of residuals : 3.92391
rel. change during last iteration : -3.64166e-09

degrees of freedom    (FIT_NDF)                        : 7500
rms of residuals      (FIT_STDFIT) = sqrt(WSSR/ndf)    : 0.0228733
variance of residuals (reduced chisquare) = WSSR/ndf   : 0.000523187

Final set of parameters            Asymptotic Standard Error
=======================            ==========================

a               = -1.27761         +/- 0.000831     (0.06505%)
b               = 2.34969          +/- 0.001822     (0.07755%)


correlation matrix of the fit parameters:

               a      b      
a               1.000 
b              -0.989  1.000 


*******************************************************************************
Fri Apr  1 16:54:12 2016


FIT:    data read from "mfield.data" u 1:3
        format = x:z
        #datapoints = 3551
        residuals are weighted equally (unit weight)

function used for fitting: f(x)
fitted parameters initialized with current variable values



 Iteration 0
 WSSR        : 2.45213e+09       delta(WSSR)/WSSR   : 0
 delta(WSSR) : 0                 limit for stopping : 1e-05
 lambda	  : 17.2468

initial set of free parameter values

m               = 1
b               = 1

After 4 iterations the fit converged.
final sum of squares of residuals : 3.60061e+08
rel. change during last iteration : -1.77128e-13

degrees of freedom    (FIT_NDF)                        : 3549
rms of residuals      (FIT_STDFIT) = sqrt(WSSR/ndf)    : 318.519
variance of residuals (reduced chisquare) = WSSR/ndf   : 101454

Final set of parameters            Asymptotic Standard Error
=======================            ==========================

m               = -65.9562         +/- 0.6268       (0.9503%)
b               = 2042.5           +/- 15.27        (0.7478%)


correlation matrix of the fit parameters:

               m      b      
m               1.000 
b              -0.937  1.000 


*******************************************************************************
Fri Apr  1 16:55:01 2016


FIT:    data read from "mfield.data" u 1:2
        format = x:z
        #datapoints = 3551
        residuals are weighted equally (unit weight)

function used for fitting: f(x)
fitted parameters initialized with current variable values



 Iteration 0
 WSSR        : 1.6702e+09        delta(WSSR)/WSSR   : 0
 delta(WSSR) : 0                 limit for stopping : 1e-05
 lambda	  : 17.2468

initial set of free parameter values

m               = -65.9562
b               = 2042.5

After 4 iterations the fit converged.
final sum of squares of residuals : 2.14224e+07
rel. change during last iteration : -2.35161e-12

degrees of freedom    (FIT_NDF)                        : 3549
rms of residuals      (FIT_STDFIT) = sqrt(WSSR/ndf)    : 77.6928
variance of residuals (reduced chisquare) = WSSR/ndf   : 6036.17

Final set of parameters            Asymptotic Standard Error
=======================            ==========================

m               = -7.70455         +/- 0.1529       (1.984%)
b               = 246.252          +/- 3.726        (1.513%)


correlation matrix of the fit parameters:

               m      b      
m               1.000 
b              -0.937  1.000 
